<?xml version="1.0" encoding="UTF-8"?>
<!-- Generated by org.testng.reporters.JUnitReportReporter -->
<testsuite hostname="Yuki" failures="0" tests="1" name="github.githubPracticeTest" time="0.012" errors="0" timestamp="2024-03-18T23:52:38 IST" skipped="0">
  <testcase classname="github.githubPracticeTest" name="gitPractice" time="0.012">
    <system-out>
      <![CDATA[This is a practice program]]>
    </system-out>
  </testcase> <!-- gitPractice -->
  <system-out>
    <![CDATA[This is a practice program]]>
  </system-out>
</testsuite> <!-- github.githubPracticeTest -->
